#
# There is insufficient memory for the Java Runtime Environment to continue.
# Native memory allocation (malloc) failed to allocate 1232816 bytes for Chunk::new
# Possible reasons:
#   The system is out of physical RAM or swap space
#   In 32 bit mode, the process size limit was hit
# Possible solutions:
#   Reduce memory load on the system
#   Increase physical memory or swap space
#   Check if swap backing store is full
#   Use 64 bit Java on a 64 bit OS
#   Decrease Java heap size (-Xmx/-Xms)
#   Decrease number of Java threads
#   Decrease Java thread stack sizes (-Xss)
#   Set larger code cache with -XX:ReservedCodeCacheSize=
# This output file may be truncated or incomplete.
#
#  Out of Memory Error (allocation.cpp:390), pid=13032, tid=0x000000000000090c
#
# JRE version: Java(TM) SE Runtime Environment (8.0_181-b13) (build 1.8.0_181-b13)
# Java VM: Java HotSpot(TM) 64-Bit Server VM (25.181-b13 mixed mode windows-amd64 compressed oops)
# Failed to write core dump. Minidumps are not enabled by default on client versions of Windows
#

---------------  T H R E A D  ---------------

Current thread (0x0000000019b38000):  JavaThread "C2 CompilerThread2" daemon [_thread_in_native, id=2316, stack(0x000000001a4d0000,0x000000001a5d0000)]

Stack: [0x000000001a4d0000,0x000000001a5d0000]
[error occurred during error reporting (printing stack bounds), id 0xc0000005]

Native frames: (J=compiled Java code, j=interpreted, Vv=VM code, C=native code)


Current CompileTask:
C2:   7971 2642       4       org.apache.maven.repository.internal.ArtifactDescriptorReaderDelegate::convert (205 bytes)


---------------  P R O C E S S  ---------------

Java Threads: ( => current thread )
  0x0000000019bf6000 JavaThread "Service Thread" daemon [_thread_blocked, id=3520, stack(0x000000001a6d0000,0x000000001a7d0000)]
  0x0000000019b40000 JavaThread "C1 CompilerThread3" daemon [_thread_blocked, id=20832, stack(0x000000001a5d0000,0x000000001a6d0000)]
=>0x0000000019b38000 JavaThread "C2 CompilerThread2" daemon [_thread_in_native, id=2316, stack(0x000000001a4d0000,0x000000001a5d0000)]
  0x0000000019b36800 JavaThread "C2 CompilerThread1" daemon [_thread_in_native, id=19744, stack(0x000000001a3d0000,0x000000001a4d0000)]
  0x0000000019b35800 JavaThread "C2 CompilerThread0" daemon [_thread_in_native, id=3604, stack(0x000000001a2d0000,0x000000001a3d0000)]
  0x0000000019af7800 JavaThread "Monitor Ctrl-Break" daemon [_thread_in_native, id=15552, stack(0x000000001a1d0000,0x000000001a2d0000)]
  0x0000000019a7b000 JavaThread "Attach Listener" daemon [_thread_blocked, id=21948, stack(0x000000001a0d0000,0x000000001a1d0000)]
  0x0000000019a79000 JavaThread "Signal Dispatcher" daemon [_thread_blocked, id=10236, stack(0x0000000019fd0000,0x000000001a0d0000)]
  0x0000000019a60800 JavaThread "Finalizer" daemon [_thread_blocked, id=3932, stack(0x0000000019e40000,0x0000000019f40000)]
  0x0000000017b6d000 JavaThread "Reference Handler" daemon [_thread_blocked, id=21472, stack(0x0000000019940000,0x0000000019a40000)]
  0x0000000000d1e800 JavaThread "main" [_thread_in_Java, id=2076, stack(0x0000000002510000,0x0000000002610000)]

Other Threads:
  0x0000000017b69000 VMThread [stack: 0x0000000019840000,0x0000000019940000] [id=12992]
  0x0000000019b69800 WatcherThread [stack: 0x000000001a7d0000,0x000000001a8d0000] [id=21124]

VM state:not at safepoint (normal execution)

VM Mutex/Monitor currently owned by a thread: None

Heap:
 PSYoungGen      total 75776K, used 74521K [0x00000000d5f00000, 0x00000000db400000, 0x0000000100000000)
  eden space 66048K, 100% used [0x00000000d5f00000,0x00000000d9f80000,0x00000000d9f80000)
  from space 9728K, 87% used [0x00000000da980000,0x00000000db1c6620,0x00000000db300000)
  to   space 10240K, 0% used [0x00000000d9f80000,0x00000000d9f80000,0x00000000da980000)
 ParOldGen       total 87552K, used 9560K [0x0000000081c00000, 0x0000000087180000, 0x00000000d5f00000)
  object space 87552K, 10% used [0x0000000081c00000,0x00000000825560a8,0x0000000087180000)
 Metaspace       used 16555K, capacity 16954K, committed 17280K, reserved 1064960K
  class space    used 1946K, capacity 2058K, committed 2176K, reserved 1048576K

Card table byte_map: [0x0000000011fb0000,0x00000000123b0000] byte_map_base: 0x0000000011ba2000

Marking Bits: (ParMarkBitMap*) 0x000000005b262d00
 Begin Bits: [0x0000000012e60000, 0x0000000014df0000)
 End Bits:   [0x0000000014df0000, 0x0000000016d80000)

Polling page: 0x0000000000ce0000

CodeCache: size=245760Kb used=10481Kb max_used=10489Kb free=235278Kb
 bounds [0x0000000002bf0000, 0x0000000003640000, 0x0000000011bf0000]
 total_blobs=3350 nmethods=2977 adapters=285
 compilation: enabled

Compilation events (10 events):
Event: 7.945 Thread 0x0000000019b40000 2999       3       org.apache.maven.model.Exclusion::setArtifactId (6 bytes)
Event: 7.945 Thread 0x0000000019b40000 nmethod 2999 0x00000000036253d0 code [0x0000000003625520, 0x0000000003625690]
Event: 7.948 Thread 0x0000000019b35800 nmethod 2976 0x0000000003637450 code [0x0000000003637660, 0x00000000036385d8]
Event: 7.948 Thread 0x0000000019b35800 2988       4       org.apache.maven.model.validation.DefaultModelValidator::validateEffectiveDependency (732 bytes)
Event: 7.956 Thread 0x0000000019b40000 3000       3       org.eclipse.aether.graph.DefaultDependencyNode::<init> (70 bytes)
Event: 7.957 Thread 0x0000000019b40000 nmethod 3000 0x0000000003636c10 code [0x0000000003636da0, 0x00000000036372c8]
Event: 7.957 Thread 0x0000000019b40000 3001       3       org.eclipse.aether.internal.impl.collect.DefaultDependencyCollector$PremanagedDependency::applyTo (66 bytes)
Event: 7.958 Thread 0x0000000019b40000 nmethod 3001 0x0000000003636290 code [0x0000000003636440, 0x0000000003636a88]
Event: 7.958 Thread 0x0000000019b40000 3002       3       org.eclipse.aether.graph.DefaultDependencyNode::setVersionConstraint (6 bytes)
Event: 7.958 Thread 0x0000000019b40000 nmethod 3002 0x0000000003635f50 code [0x00000000036360a0, 0x0000000003636210]

GC Heap History (10 events):
Event: 4.632 GC heap before
{Heap before GC invocations=2 (full 0):
 PSYoungGen      total 38400K, used 38398K [0x00000000d5f00000, 0x00000000d8980000, 0x0000000100000000)
  eden space 33280K, 100% used [0x00000000d5f00000,0x00000000d7f80000,0x00000000d7f80000)
  from space 5120K, 99% used [0x00000000d7f80000,0x00000000d847fba8,0x00000000d8480000)
  to   space 5120K, 0% used [0x00000000d8480000,0x00000000d8480000,0x00000000d8980000)
 ParOldGen       total 87552K, used 224K [0x0000000081c00000, 0x0000000087180000, 0x00000000d5f00000)
  object space 87552K, 0% used [0x0000000081c00000,0x0000000081c38020,0x0000000087180000)
 Metaspace       used 11008K, capacity 11258K, committed 11392K, reserved 1058816K
  class space    used 1334K, capacity 1387K, committed 1408K, reserved 1048576K
Event: 4.639 GC heap after
Heap after GC invocations=2 (full 0):
 PSYoungGen      total 38400K, used 5105K [0x00000000d5f00000, 0x00000000d8980000, 0x0000000100000000)
  eden space 33280K, 0% used [0x00000000d5f00000,0x00000000d5f00000,0x00000000d7f80000)
  from space 5120K, 99% used [0x00000000d8480000,0x00000000d897c7f0,0x00000000d8980000)
  to   space 5120K, 0% used [0x00000000d7f80000,0x00000000d7f80000,0x00000000d8480000)
 ParOldGen       total 87552K, used 719K [0x0000000081c00000, 0x0000000087180000, 0x00000000d5f00000)
  object space 87552K, 0% used [0x0000000081c00000,0x0000000081cb3fd0,0x0000000087180000)
 Metaspace       used 11008K, capacity 11258K, committed 11392K, reserved 1058816K
  class space    used 1334K, capacity 1387K, committed 1408K, reserved 1048576K
}
Event: 5.344 GC heap before
{Heap before GC invocations=3 (full 0):
 PSYoungGen      total 38400K, used 38385K [0x00000000d5f00000, 0x00000000d8980000, 0x0000000100000000)
  eden space 33280K, 100% used [0x00000000d5f00000,0x00000000d7f80000,0x00000000d7f80000)
  from space 5120K, 99% used [0x00000000d8480000,0x00000000d897c7f0,0x00000000d8980000)
  to   space 5120K, 0% used [0x00000000d7f80000,0x00000000d7f80000,0x00000000d8480000)
 ParOldGen       total 87552K, used 719K [0x0000000081c00000, 0x0000000087180000, 0x00000000d5f00000)
  object space 87552K, 0% used [0x0000000081c00000,0x0000000081cb3fd0,0x0000000087180000)
 Metaspace       used 13889K, capacity 14178K, committed 14464K, reserved 1062912K
  class space    used 1733K, capacity 1842K, committed 1920K, reserved 1048576K
Event: 5.351 GC heap after
Heap after GC invocations=3 (full 0):
 PSYoungGen      total 38400K, used 5092K [0x00000000d5f00000, 0x00000000d8980000, 0x0000000100000000)
  eden space 33280K, 0% used [0x00000000d5f00000,0x00000000d5f00000,0x00000000d7f80000)
  from space 5120K, 99% used [0x00000000d7f80000,0x00000000d8479008,0x00000000d8480000)
  to   space 5120K, 0% used [0x00000000d8480000,0x00000000d8480000,0x00000000d8980000)
 ParOldGen       total 87552K, used 2507K [0x0000000081c00000, 0x0000000087180000, 0x00000000d5f00000)
  object space 87552K, 2% used [0x0000000081c00000,0x0000000081e72ce8,0x0000000087180000)
 Metaspace       used 13889K, capacity 14178K, committed 14464K, reserved 1062912K
  class space    used 1733K, capacity 1842K, committed 1920K, reserved 1048576K
}
Event: 6.031 GC heap before
{Heap before GC invocations=4 (full 0):
 PSYoungGen      total 38400K, used 38372K [0x00000000d5f00000, 0x00000000d8980000, 0x0000000100000000)
  eden space 33280K, 100% used [0x00000000d5f00000,0x00000000d7f80000,0x00000000d7f80000)
  from space 5120K, 99% used [0x00000000d7f80000,0x00000000d8479008,0x00000000d8480000)
  to   space 5120K, 0% used [0x00000000d8480000,0x00000000d8480000,0x00000000d8980000)
 ParOldGen       total 87552K, used 2507K [0x0000000081c00000, 0x0000000087180000, 0x00000000d5f00000)
  object space 87552K, 2% used [0x0000000081c00000,0x0000000081e72ce8,0x0000000087180000)
 Metaspace       used 15571K, capacity 15892K, committed 16128K, reserved 1062912K
  class space    used 1900K, capacity 2015K, committed 2048K, reserved 1048576K
Event: 6.043 GC heap after
Heap after GC invocations=4 (full 0):
 PSYoungGen      total 38400K, used 5113K [0x00000000d5f00000, 0x00000000daa00000, 0x0000000100000000)
  eden space 33280K, 0% used [0x00000000d5f00000,0x00000000d5f00000,0x00000000d7f80000)
  from space 5120K, 99% used [0x00000000d8480000,0x00000000d897e640,0x00000000d8980000)
  to   space 5120K, 0% used [0x00000000d7f80000,0x00000000d7f80000,0x00000000d8480000)
 ParOldGen       total 87552K, used 6853K [0x0000000081c00000, 0x0000000087180000, 0x00000000d5f00000)
  object space 87552K, 7% used [0x0000000081c00000,0x00000000822b17a8,0x0000000087180000)
 Metaspace       used 15571K, capacity 15892K, committed 16128K, reserved 1062912K
  class space    used 1900K, capacity 2015K, committed 2048K, reserved 1048576K
}
Event: 6.778 GC heap before
{Heap before GC invocations=5 (full 0):
 PSYoungGen      total 38400K, used 38393K [0x00000000d5f00000, 0x00000000daa00000, 0x0000000100000000)
  eden space 33280K, 100% used [0x00000000d5f00000,0x00000000d7f80000,0x00000000d7f80000)
  from space 5120K, 99% used [0x00000000d8480000,0x00000000d897e640,0x00000000d8980000)
  to   space 5120K, 0% used [0x00000000d7f80000,0x00000000d7f80000,0x00000000d8480000)
 ParOldGen       total 87552K, used 6853K [0x0000000081c00000, 0x0000000087180000, 0x00000000d5f00000)
  object space 87552K, 7% used [0x0000000081c00000,0x00000000822b17a8,0x0000000087180000)
 Metaspace       used 16067K, capacity 16372K, committed 16640K, reserved 1064960K
  class space    used 1928K, capacity 2047K, committed 2048K, reserved 1048576K
Event: 6.788 GC heap after
Heap after GC invocations=5 (full 0):
 PSYoungGen      total 38400K, used 5097K [0x00000000d5f00000, 0x00000000db300000, 0x0000000100000000)
  eden space 33280K, 0% used [0x00000000d5f00000,0x00000000d5f00000,0x00000000d7f80000)
  from space 5120K, 99% used [0x00000000d7f80000,0x00000000d847a630,0x00000000d8480000)
  to   space 9728K, 0% used [0x00000000da980000,0x00000000da980000,0x00000000db300000)
 ParOldGen       total 87552K, used 9552K [0x0000000081c00000, 0x0000000087180000, 0x00000000d5f00000)
  object space 87552K, 10% used [0x0000000081c00000,0x00000000825540a8,0x0000000087180000)
 Metaspace       used 16067K, capacity 16372K, committed 16640K, reserved 1064960K
  class space    used 1928K, capacity 2047K, committed 2048K, reserved 1048576K
}
Event: 7.130 GC heap before
{Heap before GC invocations=6 (full 0):
 PSYoungGen      total 38400K, used 38377K [0x00000000d5f00000, 0x00000000db300000, 0x0000000100000000)
  eden space 33280K, 100% used [0x00000000d5f00000,0x00000000d7f80000,0x00000000d7f80000)
  from space 5120K, 99% used [0x00000000d7f80000,0x00000000d847a630,0x00000000d8480000)
  to   space 9728K, 0% used [0x00000000da980000,0x00000000da980000,0x00000000db300000)
 ParOldGen       total 87552K, used 9552K [0x0000000081c00000, 0x0000000087180000, 0x00000000d5f00000)
  object space 87552K, 10% used [0x0000000081c00000,0x00000000825540a8,0x0000000087180000)
 Metaspace       used 16215K, capacity 16600K, committed 17024K, reserved 1064960K
  class space    used 1939K, capacity 2053K, committed 2176K, reserved 1048576K
Event: 7.140 GC heap after
Heap after GC invocations=6 (full 0):
 PSYoungGen      total 75776K, used 8473K [0x00000000d5f00000, 0x00000000db400000, 0x0000000100000000)
  eden space 66048K, 0% used [0x00000000d5f00000,0x00000000d5f00000,0x00000000d9f80000)
  from space 9728K, 87% used [0x00000000da980000,0x00000000db1c6620,0x00000000db300000)
  to   space 10240K, 0% used [0x00000000d9f80000,0x00000000d9f80000,0x00000000da980000)
 ParOldGen       total 87552K, used 9560K [0x0000000081c00000, 0x0000000087180000, 0x00000000d5f00000)
  object space 87552K, 10% used [0x0000000081c00000,0x00000000825560a8,0x0000000087180000)
 Metaspace       used 16215K, capacity 16600K, committed 17024K, reserved 1064960K
  class space    used 1939K, capacity 2053K, committed 2176K, reserved 1048576K
}

Deoptimization events (10 events):
Event: 7.123 Thread 0x0000000000d1e800 Uncommon trap: reason=bimorphic action=maybe_recompile pc=0x00000000031d4fd4 method=java.util.concurrent.ConcurrentHashMap.get(Ljava/lang/Object;)Ljava/lang/Object; @ 149
Event: 7.123 Thread 0x0000000000d1e800 Uncommon trap: reason=bimorphic action=maybe_recompile pc=0x00000000031d4fd4 method=java.util.concurrent.ConcurrentHashMap.get(Ljava/lang/Object;)Ljava/lang/Object; @ 149
Event: 7.144 Thread 0x0000000000d1e800 Uncommon trap: reason=bimorphic action=maybe_recompile pc=0x00000000031d4fd4 method=java.util.concurrent.ConcurrentHashMap.get(Ljava/lang/Object;)Ljava/lang/Object; @ 149
Event: 7.269 Thread 0x0000000000d1e800 Uncommon trap: reason=unstable_if action=reinterpret pc=0x0000000003478d50 method=org.apache.maven.model.validation.DefaultModelValidator.validateEffectiveDependency(Lorg/apache/maven/model/building/ModelProblemCollector;Lorg/apache/maven/model/Dependency
Event: 7.457 Thread 0x0000000000d1e800 Uncommon trap: reason=unstable_if action=reinterpret pc=0x000000000352643c method=org.codehaus.plexus.interpolation.StringSearchInterpolator.interpolate(Ljava/lang/String;Lorg/codehaus/plexus/interpolation/RecursionInterceptor;Ljava/util/Set;)Ljava/lang/S
Event: 7.538 Thread 0x0000000000d1e800 Uncommon trap: reason=unstable_if action=reinterpret pc=0x000000000317151c method=java.util.LinkedHashMap.afterNodeInsertion(Z)V @ 18
Event: 7.670 Thread 0x0000000000d1e800 Uncommon trap: reason=unstable_if action=reinterpret pc=0x00000000035a58d8 method=java.lang.CharacterDataLatin1.isJavaIdentifierStart(I)Z @ 14
Event: 7.715 Thread 0x0000000000d1e800 Uncommon trap: reason=predicate action=maybe_recompile pc=0x00000000034ca14c method=java.util.AbstractCollection.toArray()[Ljava/lang/Object; @ 21
Event: 7.771 Thread 0x0000000000d1e800 Uncommon trap: reason=unstable_if action=reinterpret pc=0x00000000035e14c8 method=java.lang.CharacterDataLatin1.isJavaIdentifierStart(I)Z @ 14
Event: 7.794 Thread 0x0000000000d1e800 Uncommon trap: reason=class_check action=maybe_recompile pc=0x00000000033ac414 method=org.codehaus.plexus.interpolation.MapBasedValueSource.getValue(Ljava/lang/String;)Ljava/lang/Object; @ 16

Classes redefined (0 events):
No events

Internal exceptions (10 events):
Event: 4.312 Thread 0x0000000000d1e800 Exception <a 'java/lang/ArrayIndexOutOfBoundsException': 66> (0x00000000d6c75e68) thrown at [C:\re\workspace\8-2-build-windows-amd64-cygwin\jdk8u181\11358\hotspot\src\share\vm\interpreter\interpreterRuntime.cpp, line 366]
Event: 5.254 Thread 0x0000000000d1e800 Exception <a 'java/lang/NoClassDefFoundError': com/google/inject/servlet/ServletModuleTargetVisitor> (0x00000000d7c4e020) thrown at [C:\re\workspace\8-2-build-windows-amd64-cygwin\jdk8u181\11358\hotspot\src\share\vm\classfile\systemDictionary.cpp, line 19
Event: 5.254 Thread 0x0000000000d1e800 Exception <a 'java/lang/NoClassDefFoundError'> (0x00000000d7c4e020) thrown at [C:\re\workspace\8-2-build-windows-amd64-cygwin\jdk8u181\11358\hotspot\src\share\vm\prims\jvm.cpp, line 1439]
Event: 5.255 Thread 0x0000000000d1e800 Exception <a 'java/lang/NoClassDefFoundError': javax/annotation/Priority> (0x00000000d7c54220) thrown at [C:\re\workspace\8-2-build-windows-amd64-cygwin\jdk8u181\11358\hotspot\src\share\vm\classfile\systemDictionary.cpp, line 199]
Event: 5.377 Thread 0x0000000000d1e800 Implicit null exception at 0x0000000002dc2c9b to 0x0000000002dc2e45
Event: 5.753 Thread 0x0000000000d1e800 Implicit null exception at 0x00000000031faa37 to 0x00000000031fac81
Event: 6.388 Thread 0x0000000000d1e800 Implicit null exception at 0x0000000003333a37 to 0x0000000003333c81
Event: 6.519 Thread 0x0000000000d1e800 Implicit null exception at 0x0000000002fdef95 to 0x0000000002fdf16d
Event: 6.519 Thread 0x0000000000d1e800 Implicit null exception at 0x0000000002fc822f to 0x0000000002fc8299
Event: 6.931 Thread 0x0000000000d1e800 Implicit null exception at 0x0000000003448ba8 to 0x000000000344a165

Events (10 events):
Event: 7.670 Thread 0x0000000000d1e800 DEOPT UNPACKING pc=0x0000000002c3583b sp=0x000000000260b968 mode 2
Event: 7.715 Thread 0x0000000000d1e800 Uncommon trap: trap_request=0xffffff86 fr.pc=0x00000000034ca14c
Event: 7.715 Thread 0x0000000000d1e800 DEOPT PACKING pc=0x00000000034ca14c sp=0x000000000260d700
Event: 7.715 Thread 0x0000000000d1e800 DEOPT UNPACKING pc=0x0000000002c3583b sp=0x000000000260d6a0 mode 2
Event: 7.771 Thread 0x0000000000d1e800 Uncommon trap: trap_request=0xffffff65 fr.pc=0x00000000035e14c8
Event: 7.771 Thread 0x0000000000d1e800 DEOPT PACKING pc=0x00000000035e14c8 sp=0x000000000260c1b0
Event: 7.771 Thread 0x0000000000d1e800 DEOPT UNPACKING pc=0x0000000002c3583b sp=0x000000000260c0b0 mode 2
Event: 7.794 Thread 0x0000000000d1e800 Uncommon trap: trap_request=0xffffffde fr.pc=0x00000000033ac414
Event: 7.794 Thread 0x0000000000d1e800 DEOPT PACKING pc=0x00000000033ac414 sp=0x000000000260c3b0
Event: 7.794 Thread 0x0000000000d1e800 DEOPT UNPACKING pc=0x0000000002c3583b sp=0x000000000260c390 mode 2


Dynamic libraries:
0x00007ff7c1b20000 - 0x00007ff7c1b57000 	C:\Program Files\Java\jdk1.8.0_181\bin\java.exe
0x00007ffb1f7e0000 - 0x00007ffb1f9d0000 	C:\WINDOWS\SYSTEM32\ntdll.dll
0x00007ffb1f230000 - 0x00007ffb1f2e2000 	C:\WINDOWS\System32\KERNEL32.DLL
0x00007ffb1c9f0000 - 0x00007ffb1cc93000 	C:\WINDOWS\System32\KERNELBASE.dll
0x00007ffb1ddb0000 - 0x00007ffb1de53000 	C:\WINDOWS\System32\ADVAPI32.dll
0x00007ffb1f660000 - 0x00007ffb1f6fe000 	C:\WINDOWS\System32\msvcrt.dll
0x00007ffb1f700000 - 0x00007ffb1f797000 	C:\WINDOWS\System32\sechost.dll
0x00007ffb1dc90000 - 0x00007ffb1ddb0000 	C:\WINDOWS\System32\RPCRT4.dll
0x00007ffb1f3f0000 - 0x00007ffb1f583000 	C:\WINDOWS\System32\USER32.dll
0x00007ffb1d790000 - 0x00007ffb1d7b1000 	C:\WINDOWS\System32\win32u.dll
0x00007ffb1f120000 - 0x00007ffb1f146000 	C:\WINDOWS\System32\GDI32.dll
0x00007ffb1d5f0000 - 0x00007ffb1d784000 	C:\WINDOWS\System32\gdi32full.dll
0x00007ffb1d7c0000 - 0x00007ffb1d85e000 	C:\WINDOWS\System32\msvcp_win.dll
0x00007ffb1d4f0000 - 0x00007ffb1d5ea000 	C:\WINDOWS\System32\ucrtbase.dll
0x00007ffb0b220000 - 0x00007ffb0b4a5000 	C:\WINDOWS\WinSxS\amd64_microsoft.windows.common-controls_6595b64144ccf1df_6.0.18362.356_none_e6c4af7d130f27cc\COMCTL32.dll
0x00007ffb1d950000 - 0x00007ffb1dc86000 	C:\WINDOWS\System32\combase.dll
0x00007ffb1c820000 - 0x00007ffb1c8a0000 	C:\WINDOWS\System32\bcryptPrimitives.dll
0x00007ffb1f150000 - 0x00007ffb1f17e000 	C:\WINDOWS\System32\IMM32.DLL
0x000000005b2f0000 - 0x000000005b3c2000 	C:\Program Files\Java\jdk1.8.0_181\jre\bin\msvcr100.dll
0x000000005aa40000 - 0x000000005b2e2000 	C:\Program Files\Java\jdk1.8.0_181\jre\bin\server\jvm.dll
0x00007ffb1ee10000 - 0x00007ffb1ee18000 	C:\WINDOWS\System32\PSAPI.DLL
0x00007ffb15be0000 - 0x00007ffb15bea000 	C:\WINDOWS\SYSTEM32\VERSION.dll
0x00007ffb09940000 - 0x00007ffb09949000 	C:\WINDOWS\SYSTEM32\WSOCK32.dll
0x00007ffb178c0000 - 0x00007ffb178e4000 	C:\WINDOWS\SYSTEM32\WINMM.dll
0x00007ffb1f300000 - 0x00007ffb1f36f000 	C:\WINDOWS\System32\WS2_32.dll
0x00007ffb17540000 - 0x00007ffb1756d000 	C:\WINDOWS\SYSTEM32\WINMMBASE.dll
0x00007ffb1d480000 - 0x00007ffb1d4ca000 	C:\WINDOWS\System32\cfgmgr32.dll
0x000000005aa30000 - 0x000000005aa3f000 	C:\Program Files\Java\jdk1.8.0_181\jre\bin\verify.dll
0x000000005aa00000 - 0x000000005aa29000 	C:\Program Files\Java\jdk1.8.0_181\jre\bin\java.dll
0x000000005a970000 - 0x000000005a993000 	C:\Program Files\Java\jdk1.8.0_181\jre\bin\instrument.dll
0x000000005a9e0000 - 0x000000005a9f6000 	C:\Program Files\Java\jdk1.8.0_181\jre\bin\zip.dll
0x00007ffb1e720000 - 0x00007ffb1ee05000 	C:\WINDOWS\System32\SHELL32.dll
0x00007ffb1f180000 - 0x00007ffb1f229000 	C:\WINDOWS\System32\shcore.dll
0x00007ffb1cca0000 - 0x00007ffb1d41e000 	C:\WINDOWS\System32\windows.storage.dll
0x00007ffb1c6c0000 - 0x00007ffb1c6df000 	C:\WINDOWS\System32\profapi.dll
0x00007ffb1c720000 - 0x00007ffb1c76a000 	C:\WINDOWS\System32\powrprof.dll
0x00007ffb1c6b0000 - 0x00007ffb1c6c0000 	C:\WINDOWS\System32\UMPDC.dll
0x00007ffb1de60000 - 0x00007ffb1deb2000 	C:\WINDOWS\System32\shlwapi.dll
0x00007ffb1c6e0000 - 0x00007ffb1c6f1000 	C:\WINDOWS\System32\kernel.appcore.dll
0x00007ffb1d4d0000 - 0x00007ffb1d4e7000 	C:\WINDOWS\System32\cryptsp.dll
0x00007ffb0e730000 - 0x00007ffb0e74a000 	C:\Program Files\JetBrains\IntelliJ IDEA 2020.1\bin\breakgen64.dll
0x000000005a9c0000 - 0x000000005a9da000 	C:\Program Files\Java\jdk1.8.0_181\jre\bin\net.dll
0x00007ffb1bec0000 - 0x00007ffb1bf27000 	C:\WINDOWS\system32\mswsock.dll
0x00007ffb1ba30000 - 0x00007ffb1ba63000 	C:\WINDOWS\system32\rsaenh.dll
0x00007ffb1d860000 - 0x00007ffb1d886000 	C:\WINDOWS\System32\bcrypt.dll
0x00007ffb1c5a0000 - 0x00007ffb1c5c5000 	C:\WINDOWS\SYSTEM32\USERENV.dll
0x00007ffb1c090000 - 0x00007ffb1c09c000 	C:\WINDOWS\SYSTEM32\CRYPTBASE.dll
0x00007ffb1bbd0000 - 0x00007ffb1bc0a000 	C:\WINDOWS\SYSTEM32\IPHLPAPI.DLL
0x00007ffb1f2f0000 - 0x00007ffb1f2f8000 	C:\WINDOWS\System32\NSI.dll
0x00007ffb14110000 - 0x00007ffb14126000 	C:\WINDOWS\SYSTEM32\dhcpcsvc6.DLL
0x00007ffb14080000 - 0x00007ffb1409c000 	C:\WINDOWS\SYSTEM32\dhcpcsvc.DLL
0x00007ffb1bc10000 - 0x00007ffb1bcda000 	C:\WINDOWS\SYSTEM32\DNSAPI.dll
0x000000005a9a0000 - 0x000000005a9b1000 	C:\Program Files\Java\jdk1.8.0_181\jre\bin\nio.dll
0x00007ffb0e720000 - 0x00007ffb0e72a000 	C:\Users\8550\AppData\Local\Temp\jansi-1.17.1-5710500953686502576.dll
0x00007ffb09fa0000 - 0x00007ffb09faa000 	C:\Users\8550\AppData\Local\Temp\jansi-1.17.1-1117899998502302418.dll

VM Arguments:
jvm_args: -Dmaven.multiModuleProjectDirectory=C:\Users\8550\IdeaProjects\teamProjectMaster\backend\spring\hufsScheduleSystem -Dmaven.home=C:\Program Files\JetBrains\IntelliJ IDEA 2020.1\plugins\maven\lib\maven3 -Dclassworlds.conf=C:\Program Files\JetBrains\IntelliJ IDEA 2020.1\plugins\maven\lib\maven3\bin\m2.conf -Dmaven.ext.class.path=C:\Program Files\JetBrains\IntelliJ IDEA 2020.1\plugins\maven\lib\maven-event-listener.jar -javaagent:C:\Program Files\JetBrains\IntelliJ IDEA 2020.1\lib\idea_rt.jar=5379:C:\Program Files\JetBrains\IntelliJ IDEA 2020.1\bin -Dfile.encoding=UTF-8 
java_command: org.codehaus.classworlds.Launcher -Didea.version2020.1 clean package
java_class_path (initial): C:\Program Files\JetBrains\IntelliJ IDEA 2020.1\plugins\maven\lib\maven3\boot\plexus-classworlds-2.6.0.jar;C:\Program Files\JetBrains\IntelliJ IDEA 2020.1\lib\idea_rt.jar
Launcher Type: SUN_STANDARD

Environment Variables:
JAVA_HOME=C:\Program Files\Java\jdk1.8.0_171
CLASSPATH=C:\Program Files\Java\jdk1.8.0_171\lib
PATH=C:\Program Files (x86)\Common Files\Oracle\Java\javapath;C:\Program Files (x86)\Intel\iCLS Client\;C:\Program Files\Intel\iCLS Client\;C:\WINDOWS\system32;C:\WINDOWS;C:\WINDOWS\System32\Wbem;C:\WINDOWS\System32\WindowsPowerShell\v1.0\;C:\Program Files (x86)\Intel\Intel(R) Management Engine Components\DAL;C:\Program Files\Intel\Intel(R) Management Engine Components\DAL;C:\Program Files (x86)\Intel\Intel(R) Management Engine Components\IPT;C:\Program Files\Intel\Intel(R) Management Engine Components\IPT;C:\Program Files\Java\jdk1.8.0_171\bin;C:\Program Files\dotnet\;C:\WINDOWS\System32\OpenSSH\;C:\Program Files\Intel\WiFi\bin\;C:\Program Files\Common Files\Intel\WirelessCommon\;C:\Program Files\Git\cmd;C:\Program Files\IBM\SPSS\Statistics\Subscription\JRE\bin;C:\Program Files\PuTTY\;C:\Program Files\CMake\bin;C:\Program Files\MySQL\MySQL Shell 8.0\bin\;C:\Users\8550\AppData\Local\Programs\Python\Python37-32\Scripts\;C:\Users\8550\AppData\Local\Programs\Python\Python37-32\;C:\Users\8550\AppData\Local\Microsoft\WindowsApps;C:\Program Files\Bandizip\;;C:\Program Files\JetBrains\PyCharm Community Edition 2019.2.2\bin;;C:\Program Files (x86)\Nmap;C:\Users\8550\AppData\Local\Programs\Microsoft VS Code\bin;C:\Program Files\JetBrains\IntelliJ IDEA 2020.1\bin;
USERNAME=8550
OS=Windows_NT
PROCESSOR_IDENTIFIER=Intel64 Family 6 Model 142 Stepping 10, GenuineIntel



---------------  S Y S T E M  ---------------

OS: Windows 10.0 , 64 bit Build 18362 (10.0.18362.329)

CPU:total 8 (initial active 8) (4 cores per cpu, 2 threads per core) family 6 model 142 stepping 10, cmov, cx8, fxsr, mmx, sse, sse2, sse3, ssse3, sse4.1, sse4.2, popcnt, avx, avx2, aes, clmul, erms, 3dnowpref, lzcnt, ht, tsc, tscinvbit, bmi1, bmi2, adx

Memory: 4k page, physical 8272644k(722228k free), swap 8272644k(5652k free)

vm_info: Java HotSpot(TM) 64-Bit Server VM (25.181-b13) for windows-amd64 JRE (1.8.0_181-b13), built on Jul  7 2018 04:01:33 by "java_re" with MS VC++ 10.0 (VS2010)

time: Sun May 10 12:41:14 2020
elapsed time: 7 seconds (0d 0h 0m 7s)

